(733519,)
0.7990588 -0.6566228
(88, 2866)
1.0000001 0.0
[[0.99999994 1.0000001  1.        ]
 [0.29623187 0.26764998 0.2769469 ]
 [0.2301496  0.21920781 0.23545678]
 [0.22065972 0.2634026  0.30849943]
 [0.01201406 0.07091279 0.1425664 ]]
<CQParams
sample_rate: 22050
bins_per_octave: 12
freq_min: 27.500000
freq_max: 4186.008789
hop: 256
n_freq: 88
quality_factor: 16.817141
fft_window_size: 16384
frame_per_second: 86
sample_per_frame: 256
>
(88, 2865)
2.0436381e+18 0.0
[[1.         0.         1.        ]
 [0.00843302 0.00666196 0.00388621]
 [0.03375837 0.14856775 0.27254528]
 [0.08493636 0.21673886 0.34648398]
 [0.03556289 0.09674463 0.11944669]]
