[./bin/run] 30.30 128160 99%
[./bin/run] 16.57 135824 197%
[./bin/run] 12.02 143520 297%
[./bin/run] 10.17 151192 386%
[./bin/run] 8.50 158424 484%
[./bin/run] 7.75 166168 573%
[./bin/run] 7.26 174404 657%
[./bin/run] 6.68 180948 751%
[./bin/run] 6.15 188680 868%
[./bin/run] 6.39 196336 949%
[./bin/run] 6.12 204584 1053%
[./bin/run] 6.48 212244 1064%
[./bin/run] 29.22 127972 99%
[./bin/run] 15.61 135852 196%
[./bin/run] 11.59 143140 296%
[./bin/run] 9.63 150956 389%
[./bin/run] 8.40 158120 484%
[./bin/run] 7.63 166292 573%
[./bin/run] 7.11 174448 662%
[./bin/run] 6.56 180872 751%
[./bin/run] 6.20 188448 869%
[./bin/run] 5.90 196704 960%
[./bin/run] 5.75 204548 1055%
[./bin/run] 5.98 212340 1065%
